{"name":"IMG_0526 2.jpeg","size":323773,"ext":"jpeg","type":"image/jpeg","width":1240,"height":1654,"date":"2020-07-19T22:12:01.996Z","id":"244752001sy61b"}
{"name":"IMG_1235.jpeg","size":2953269,"ext":"jpeg","type":"image/jpeg","width":4032,"height":3024,"date":"2020-07-19T22:13:51.418Z","id":"244754001wy61b"}
{"name":"predajna.jpg","size":61074,"ext":"jpg","type":"image/jpeg","width":500,"height":500,"date":"2020-07-19T22:14:10.814Z","id":"244754001sd61b"}
{"name":"predajna.jpg","size":61074,"ext":"jpg","type":"image/jpeg","width":500,"height":500,"date":"2020-07-19T22:15:01.688Z","id":"244754002sd60b"}
{"name":"meta.json","size":432,"ext":"json","type":"application/json","date":"2020-07-19T22:15:33.454Z","id":"244755001re61b"}
{"name":"meta.json","size":432,"ext":"json","type":"application/json","date":"2020-07-19T22:15:43.258Z","id":"244755002re60b"}
{"name":"tests.png","size":7265,"ext":"png","type":"image/png","width":556,"height":139,"date":"2020-10-02T08:42:33.188Z","id":"7jk6002fw40d"}
{"name":"todo.png","size":2751,"ext":"png","type":"image/png","width":211,"height":163,"date":"2020-11-16T09:50:10.204Z","id":"8xm1002cr40d"}
{"name":"bundling.png","size":16730,"ext":"png","type":"image/png","width":326,"height":562,"date":"2020-11-16T09:50:50.484Z","id":"8xm2002hy40d"}
{"name":"codeeditor.png","size":51943,"ext":"png","type":"image/png","width":1000,"height":680,"date":"2020-11-16T09:53:32.291Z","id":"8xm5001ox41d"}
{"name":"codeeditor.png","size":50097,"ext":"png","type":"image/png","width":980,"height":667,"date":"2020-11-16T09:54:30.272Z","id":"8xm6001xc41d"}
{"name":"electron-settings.png","size":11653,"ext":"png","type":"image/png","width":435,"height":342,"date":"2020-11-16T09:56:16.638Z","id":"8xm8001fc41d"}
{"name":"project-settings.png","size":17464,"ext":"png","type":"image/png","width":491,"height":512,"date":"2020-11-16T09:56:27.767Z","id":"8xm8002fc40d"}
{"name":"inline-templates.png","size":7690,"ext":"png","type":"image/png","width":556,"height":444,"date":"2020-11-16T09:58:22.160Z","id":"8xma001sk41d"}
{"name":"sql-to-schema.gif","size":1105431,"ext":"gif","type":"image/gif","width":224,"height":182,"date":"2020-11-16T09:59:19.004Z","id":"8xmb001lj41d"}
{"name":"Hex-to-RGBA.png","size":8609,"ext":"png","type":"image/png","width":419,"height":475,"date":"2020-11-16T10:00:11.249Z","id":"8xmb003lj41d"}
{"name":"code-formatted.png","size":22119,"ext":"png","type":"image/png","width":457,"height":493,"date":"2020-11-16T10:01:59.742Z","id":"8xmd002cn40d"}
{"name":"OpenPlatform.jpg","size":64797,"ext":"jpg","type":"image/jpeg","width":1280,"height":910,"date":"2020-11-19T11:24:19.286Z","id":"910o002fl40d"}
{"name":"components.jpg","size":114487,"ext":"jpg","type":"image/jpeg","width":977,"height":386,"date":"2020-11-21T22:17:19.234Z","id":"93qt001af41d"}
{"name":"total-authorization.png","size":4679,"ext":"png","type":"image/png","width":429,"height":481,"date":"2020-11-22T10:03:26.187Z","id":"94af001kg41d"}
{"name":"total-authorization.png","size":23418,"ext":"png","type":"image/png","width":770,"height":252,"date":"2020-11-22T10:05:04.006Z","id":"94ag001th41d"}
{"name":"total-authorization.png","size":17243,"ext":"png","type":"image/png","width":761,"height":243,"date":"2020-11-22T10:07:12.171Z","id":"94ai001bg41d"}
{"name":"authorization.png","size":8043,"ext":"png","type":"image/png","width":600,"height":192,"date":"2020-11-22T10:08:06.272Z","id":"94aj001md41d"}
{"name":"total-authorization.png","size":7248,"ext":"png","type":"image/png","width":500,"height":159,"date":"2020-11-22T22:35:35.550Z","id":"94vb001wg41d"}
{"name":"total-authorization.png","size":11250,"ext":"png","type":"image/png","width":650,"height":206,"date":"2020-11-22T22:36:07.875Z","id":"94vb002wg40d"}
{"name":"openplatform.png","size":5598,"ext":"png","type":"image/png","width":521,"height":111,"date":"2020-11-23T07:58:37.902Z","id":"95ay001yt41d"}
{"name":"cluster.png","size":14082,"ext":"png","type":"image/png","width":537,"height":400,"date":"2020-12-20T21:48:34.504Z","id":"9zy0001ts41d"}
{"name":"threads.png","size":29668,"ext":"png","type":"image/png","width":1017,"height":654,"date":"2020-12-20T23:04:45.373Z","id":"a004001yh41d"}
{"name":"threads.png","size":32778,"ext":"png","type":"image/png","width":1017,"height":654,"date":"2020-12-20T23:09:12.460Z","id":"a008001km41d"}
{"name":"viewengine-repository-vs-model.png","size":5803,"ext":"png","type":"image/png","width":810,"height":170,"date":"2020-12-21T09:22:50.260Z","id":"a0ha001bh41d"}
{"name":"appbuilder.png","size":11429,"ext":"png","type":"image/png","width":226,"height":316,"date":"2021-01-04T13:37:08.914Z","id":"ag8d001nw41d"}
{"name":"builds.png","size":6240,"ext":"png","type":"image/png","width":253,"height":160,"date":"2021-01-04T13:38:55.466Z","id":"ag8e001ca41d"}
